[2024-09-19 13:24:18] localhost.INFO: Request method: POST  
[2024-09-19 13:24:18] localhost.INFO: Request data:  {"tran_id":"66ebd006a0173","val_id":"240919132139gRDaq5OkJAwNkTZ","amount":"250.00","card_type":"UPay-UPay","store_amount":"243.75","card_no":null,"bank_tran_id":"240919132139aOVlHCS8rFD7s8D","status":"VALID","tran_date":"2024-09-19 13:21:39","error":null,"currency":"BDT","card_issuer":"UPay","card_brand":"MOBILEBANKING","card_sub_brand":"Classic","card_issuer_country":"Bangladesh","card_issuer_country_code":"BD","store_id":"test65509f41a1392","verify_sign":"c37c0bcbbbdb1e6ce62350f0e37e5ca8","verify_key":"amount,bank_tran_id,base_fair,card_brand,card_issuer,card_issuer_country,card_issuer_country_code,card_no,card_sub_brand,card_type,currency,currency_amount,currency_rate,currency_type,error,risk_level,risk_title,status,store_amount,store_id,tran_date,tran_id,val_id,value_a,value_b,value_c,value_d","verify_sign_sha2":"afb0486e2e6c726fbad1923f1c50a5ccdbf0f972e0eaa54b2d4ea5c69239fe81","currency_type":null,"currency_amount":null,"currency_rate":null,"base_fair":null,"value_a":null,"value_b":null,"value_c":null,"value_d":null,"subscription_id":null,"risk_level":"0","risk_title":"Safe"} 
[2024-09-19 13:26:57] localhost.ERROR: Method Modules\Boat\Controllers\BoatController::boatCabinBookingSuccessByPayment does not exist. {"exception":"[object] (BadMethodCallException(code: 0): Method Modules\\Boat\\Controllers\\BoatController::boatCabinBookingSuccessByPayment does not exist. at C:\\ashiq vai\\app\\vendor\\laravel\\framework\\src\\Illuminate\\Routing\\Controller.php:68)
[stacktrace]
#0 C:\\ashiq vai\\app\\vendor\\laravel\\framework\\src\\Illuminate\\Routing\\Controller.php(54): Illuminate\\Routing\\Controller->__call('boatCabinBookin...', Array)
#1 C:\\ashiq vai\\app\\vendor\\laravel\\framework\\src\\Illuminate\\Routing\\ControllerDispatcher.php(43): Illuminate\\Routing\\Controller->callAction('boatCabinBookin...', Array)
#2 C:\\ashiq vai\\app\\vendor\\laravel\\framework\\src\\Illuminate\\Routing\\Route.php(260): Illuminate\\Routing\\ControllerDispatcher->dispatch(Object(Illuminate\\Routing\\Route), Object(Modules\\Boat\\Controllers\\BoatController), 'boatCabinBookin...')
#3 C:\\ashiq vai\\app\\vendor\\laravel\\framework\\src\\Illuminate\\Routing\\Route.php(205): Illuminate\\Routing\\Route->runController()
#4 C:\\ashiq vai\\app\\vendor\\laravel\\framework\\src\\Illuminate\\Routing\\Router.php(798): Illuminate\\Routing\\Route->run()
#5 C:\\ashiq vai\\app\\vendor\\laravel\\framework\\src\\Illuminate\\Pipeline\\Pipeline.php(141): Illuminate\\Routing\\Router->Illuminate\\Routing\\{closure}(Object(Illuminate\\Http\\Request))
#6 C:\\ashiq vai\\app\\app\\Http\\Middleware\\RequireChangePassword.php(41): Illuminate\\Pipeline\\Pipeline->Illuminate\\Pipeline\\{closure}(Object(Illuminate\\Http\\Request))
#7 C:\\ashiq vai\\app\\vendor\\laravel\\framework\\src\\Illuminate\\Pipeline\\Pipeline.php(180): App\\Http\\Middleware\\RequireChangePassword->handle(Object(Illuminate\\Http\\Request), Object(Closure))
#8 C:\\ashiq vai\\app\\app\\Http\\Middleware\\SetLanguageForAdmin.php(37): Illuminate\\Pipeline\\Pipeline->Illuminate\\Pipeline\\{closure}(Object(Illuminate\\Http\\Request))
#9 C:\\ashiq vai\\app\\vendor\\laravel\\framework\\src\\Illuminate\\Pipeline\\Pipeline.php(180): App\\Http\\Middleware\\SetLanguageForAdmin->handle(Object(Illuminate\\Http\\Request), Object(Closure))
#10 C:\\ashiq vai\\app\\app\\Http\\Middleware\\SetCurrentCurrency.php(48): Illuminate\\Pipeline\\Pipeline->Illuminate\\Pipeline\\{closure}(Object(Illuminate\\Http\\Request))
#11 C:\\ashiq vai\\app\\vendor\\laravel\\framework\\src\\Illuminate\\Pipeline\\Pipeline.php(180): App\\Http\\Middleware\\SetCurrentCurrency->handle(Object(Illuminate\\Http\\Request), Object(Closure))
#12 C:\\ashiq vai\\app\\app\\Http\\Middleware\\HideDebugbar.php(32): Illuminate\\Pipeline\\Pipeline->Illuminate\\Pipeline\\{closure}(Object(Illuminate\\Http\\Request))
#13 C:\\ashiq vai\\app\\vendor\\laravel\\framework\\src\\Illuminate\\Pipeline\\Pipeline.php(180): App\\Http\\Middleware\\HideDebugbar->handle(Object(Illuminate\\Http\\Request), Object(Closure))
#14 C:\\ashiq vai\\app\\app\\Http\\Middleware\\RedirectForMultiLanguage.php(58): Illuminate\\Pipeline\\Pipeline->Illuminate\\Pipeline\\{closure}(Object(Illuminate\\Http\\Request))
#15 C:\\ashiq vai\\app\\vendor\\laravel\\framework\\src\\Illuminate\\Pipeline\\Pipeline.php(180): App\\Http\\Middleware\\RedirectForMultiLanguage->handle(Object(Illuminate\\Http\\Request), Object(Closure))
#16 C:\\ashiq vai\\app\\vendor\\laravel\\framework\\src\\Illuminate\\Routing\\Middleware\\SubstituteBindings.php(50): Illuminate\\Pipeline\\Pipeline->Illuminate\\Pipeline\\{closure}(Object(Illuminate\\Http\\Request))
#17 C:\\ashiq vai\\app\\vendor\\laravel\\framework\\src\\Illuminate\\Pipeline\\Pipeline.php(180): Illuminate\\Routing\\Middleware\\SubstituteBindings->handle(Object(Illuminate\\Http\\Request), Object(Closure))
#18 C:\\ashiq vai\\app\\vendor\\laravel\\framework\\src\\Illuminate\\Foundation\\Http\\Middleware\\VerifyCsrfToken.php(78): Illuminate\\Pipeline\\Pipeline->Illuminate\\Pipeline\\{closure}(Object(Illuminate\\Http\\Request))
#19 C:\\ashiq vai\\app\\vendor\\laravel\\framework\\src\\Illuminate\\Pipeline\\Pipeline.php(180): Illuminate\\Foundation\\Http\\Middleware\\VerifyCsrfToken->handle(Object(Illuminate\\Http\\Request), Object(Closure))
#20 C:\\ashiq vai\\app\\vendor\\laravel\\framework\\src\\Illuminate\\View\\Middleware\\ShareErrorsFromSession.php(49): Illuminate\\Pipeline\\Pipeline->Illuminate\\Pipeline\\{closure}(Object(Illuminate\\Http\\Request))
#21 C:\\ashiq vai\\app\\vendor\\laravel\\framework\\src\\Illuminate\\Pipeline\\Pipeline.php(180): Illuminate\\View\\Middleware\\ShareErrorsFromSession->handle(Object(Illuminate\\Http\\Request), Object(Closure))
#22 C:\\ashiq vai\\app\\vendor\\laravel\\framework\\src\\Illuminate\\Session\\Middleware\\StartSession.php(121): Illuminate\\Pipeline\\Pipeline->Illuminate\\Pipeline\\{closure}(Object(Illuminate\\Http\\Request))
#23 C:\\ashiq vai\\app\\vendor\\laravel\\framework\\src\\Illuminate\\Session\\Middleware\\StartSession.php(64): Illuminate\\Session\\Middleware\\StartSession->handleStatefulRequest(Object(Illuminate\\Http\\Request), Object(Illuminate\\Session\\Store), Object(Closure))
#24 C:\\ashiq vai\\app\\vendor\\laravel\\framework\\src\\Illuminate\\Pipeline\\Pipeline.php(180): Illuminate\\Session\\Middleware\\StartSession->handle(Object(Illuminate\\Http\\Request), Object(Closure))
#25 C:\\ashiq vai\\app\\vendor\\laravel\\framework\\src\\Illuminate\\Cookie\\Middleware\\AddQueuedCookiesToResponse.php(37): Illuminate\\Pipeline\\Pipeline->Illuminate\\Pipeline\\{closure}(Object(Illuminate\\Http\\Request))
#26 C:\\ashiq vai\\app\\vendor\\laravel\\framework\\src\\Illuminate\\Pipeline\\Pipeline.php(180): Illuminate\\Cookie\\Middleware\\AddQueuedCookiesToResponse->handle(Object(Illuminate\\Http\\Request), Object(Closure))
#27 C:\\ashiq vai\\app\\vendor\\laravel\\framework\\src\\Illuminate\\Cookie\\Middleware\\EncryptCookies.php(67): Illuminate\\Pipeline\\Pipeline->Illuminate\\Pipeline\\{closure}(Object(Illuminate\\Http\\Request))
#28 C:\\ashiq vai\\app\\vendor\\laravel\\framework\\src\\Illuminate\\Pipeline\\Pipeline.php(180): Illuminate\\Cookie\\Middleware\\EncryptCookies->handle(Object(Illuminate\\Http\\Request), Object(Closure))
#29 C:\\ashiq vai\\app\\vendor\\laravel\\framework\\src\\Illuminate\\Pipeline\\Pipeline.php(116): Illuminate\\Pipeline\\Pipeline->Illuminate\\Pipeline\\{closure}(Object(Illuminate\\Http\\Request))
#30 C:\\ashiq vai\\app\\vendor\\laravel\\framework\\src\\Illuminate\\Routing\\Router.php(799): Illuminate\\Pipeline\\Pipeline->then(Object(Closure))
#31 C:\\ashiq vai\\app\\vendor\\laravel\\framework\\src\\Illuminate\\Routing\\Router.php(776): Illuminate\\Routing\\Router->runRouteWithinStack(Object(Illuminate\\Routing\\Route), Object(Illuminate\\Http\\Request))
#32 C:\\ashiq vai\\app\\vendor\\laravel\\framework\\src\\Illuminate\\Routing\\Router.php(740): Illuminate\\Routing\\Router->runRoute(Object(Illuminate\\Http\\Request), Object(Illuminate\\Routing\\Route))
#33 C:\\ashiq vai\\app\\vendor\\laravel\\framework\\src\\Illuminate\\Routing\\Router.php(729): Illuminate\\Routing\\Router->dispatchToRoute(Object(Illuminate\\Http\\Request))
#34 C:\\ashiq vai\\app\\vendor\\laravel\\framework\\src\\Illuminate\\Foundation\\Http\\Kernel.php(190): Illuminate\\Routing\\Router->dispatch(Object(Illuminate\\Http\\Request))
#35 C:\\ashiq vai\\app\\vendor\\laravel\\framework\\src\\Illuminate\\Pipeline\\Pipeline.php(141): Illuminate\\Foundation\\Http\\Kernel->Illuminate\\Foundation\\Http\\{closure}(Object(Illuminate\\Http\\Request))
#36 C:\\ashiq vai\\app\\themes\\Base\\Core\\Middleware\\RunUpdater.php(76): Illuminate\\Pipeline\\Pipeline->Illuminate\\Pipeline\\{closure}(Object(Illuminate\\Http\\Request))
#37 C:\\ashiq vai\\app\\vendor\\laravel\\framework\\src\\Illuminate\\Pipeline\\Pipeline.php(180): Themes\\Base\\Core\\Middleware\\RunUpdater->handle(Object(Illuminate\\Http\\Request), Object(Closure))
#38 C:\\ashiq vai\\app\\vendor\\barryvdh\\laravel-debugbar\\src\\Middleware\\InjectDebugbar.php(66): Illuminate\\Pipeline\\Pipeline->Illuminate\\Pipeline\\{closure}(Object(Illuminate\\Http\\Request))
#39 C:\\ashiq vai\\app\\vendor\\laravel\\framework\\src\\Illuminate\\Pipeline\\Pipeline.php(180): Barryvdh\\Debugbar\\Middleware\\InjectDebugbar->handle(Object(Illuminate\\Http\\Request), Object(Closure))
#40 C:\\ashiq vai\\app\\vendor\\laravel\\framework\\src\\Illuminate\\Foundation\\Http\\Middleware\\TransformsRequest.php(21): Illuminate\\Pipeline\\Pipeline->Illuminate\\Pipeline\\{closure}(Object(Illuminate\\Http\\Request))
#41 C:\\ashiq vai\\app\\vendor\\laravel\\framework\\src\\Illuminate\\Foundation\\Http\\Middleware\\ConvertEmptyStringsToNull.php(31): Illuminate\\Foundation\\Http\\Middleware\\TransformsRequest->handle(Object(Illuminate\\Http\\Request), Object(Closure))
#42 C:\\ashiq vai\\app\\vendor\\laravel\\framework\\src\\Illuminate\\Pipeline\\Pipeline.php(180): Illuminate\\Foundation\\Http\\Middleware\\ConvertEmptyStringsToNull->handle(Object(Illuminate\\Http\\Request), Object(Closure))
#43 C:\\ashiq vai\\app\\vendor\\laravel\\framework\\src\\Illuminate\\Foundation\\Http\\Middleware\\TransformsRequest.php(21): Illuminate\\Pipeline\\Pipeline->Illuminate\\Pipeline\\{closure}(Object(Illuminate\\Http\\Request))
#44 C:\\ashiq vai\\app\\vendor\\laravel\\framework\\src\\Illuminate\\Foundation\\Http\\Middleware\\TrimStrings.php(40): Illuminate\\Foundation\\Http\\Middleware\\TransformsRequest->handle(Object(Illuminate\\Http\\Request), Object(Closure))
#45 C:\\ashiq vai\\app\\vendor\\laravel\\framework\\src\\Illuminate\\Pipeline\\Pipeline.php(180): Illuminate\\Foundation\\Http\\Middleware\\TrimStrings->handle(Object(Illuminate\\Http\\Request), Object(Closure))
#46 C:\\ashiq vai\\app\\vendor\\laravel\\framework\\src\\Illuminate\\Foundation\\Http\\Middleware\\ValidatePostSize.php(27): Illuminate\\Pipeline\\Pipeline->Illuminate\\Pipeline\\{closure}(Object(Illuminate\\Http\\Request))
#47 C:\\ashiq vai\\app\\vendor\\laravel\\framework\\src\\Illuminate\\Pipeline\\Pipeline.php(180): Illuminate\\Foundation\\Http\\Middleware\\ValidatePostSize->handle(Object(Illuminate\\Http\\Request), Object(Closure))
#48 C:\\ashiq vai\\app\\vendor\\laravel\\framework\\src\\Illuminate\\Foundation\\Http\\Middleware\\PreventRequestsDuringMaintenance.php(86): Illuminate\\Pipeline\\Pipeline->Illuminate\\Pipeline\\{closure}(Object(Illuminate\\Http\\Request))
#49 C:\\ashiq vai\\app\\vendor\\laravel\\framework\\src\\Illuminate\\Pipeline\\Pipeline.php(180): Illuminate\\Foundation\\Http\\Middleware\\PreventRequestsDuringMaintenance->handle(Object(Illuminate\\Http\\Request), Object(Closure))
#50 C:\\ashiq vai\\app\\vendor\\laravel\\framework\\src\\Illuminate\\Http\\Middleware\\HandleCors.php(49): Illuminate\\Pipeline\\Pipeline->Illuminate\\Pipeline\\{closure}(Object(Illuminate\\Http\\Request))
#51 C:\\ashiq vai\\app\\vendor\\laravel\\framework\\src\\Illuminate\\Pipeline\\Pipeline.php(180): Illuminate\\Http\\Middleware\\HandleCors->handle(Object(Illuminate\\Http\\Request), Object(Closure))
#52 C:\\ashiq vai\\app\\app\\Http\\Middleware\\RedirectToInstaller.php(40): Illuminate\\Pipeline\\Pipeline->Illuminate\\Pipeline\\{closure}(Object(Illuminate\\Http\\Request))
#53 C:\\ashiq vai\\app\\vendor\\laravel\\framework\\src\\Illuminate\\Pipeline\\Pipeline.php(180): App\\Http\\Middleware\\RedirectToInstaller->handle(Object(Illuminate\\Http\\Request), Object(Closure))
#54 C:\\ashiq vai\\app\\vendor\\laravel\\framework\\src\\Illuminate\\Http\\Middleware\\TrustProxies.php(39): Illuminate\\Pipeline\\Pipeline->Illuminate\\Pipeline\\{closure}(Object(Illuminate\\Http\\Request))
#55 C:\\ashiq vai\\app\\vendor\\laravel\\framework\\src\\Illuminate\\Pipeline\\Pipeline.php(180): Illuminate\\Http\\Middleware\\TrustProxies->handle(Object(Illuminate\\Http\\Request), Object(Closure))
#56 C:\\ashiq vai\\app\\vendor\\laravel\\framework\\src\\Illuminate\\Pipeline\\Pipeline.php(116): Illuminate\\Pipeline\\Pipeline->Illuminate\\Pipeline\\{closure}(Object(Illuminate\\Http\\Request))
#57 C:\\ashiq vai\\app\\vendor\\laravel\\framework\\src\\Illuminate\\Foundation\\Http\\Kernel.php(165): Illuminate\\Pipeline\\Pipeline->then(Object(Closure))
#58 C:\\ashiq vai\\app\\vendor\\laravel\\framework\\src\\Illuminate\\Foundation\\Http\\Kernel.php(134): Illuminate\\Foundation\\Http\\Kernel->sendRequestThroughRouter(Object(Illuminate\\Http\\Request))
#59 C:\\ashiq vai\\app\\public\\index.php(75): Illuminate\\Foundation\\Http\\Kernel->handle(Object(Illuminate\\Http\\Request))
#60 C:\\ashiq vai\\app\\server.php(21): require_once('C:\\\\ashiq vai\\\\ap...')
#61 {main}
"} 
[2024-09-19 13:28:12] localhost.ERROR: Method Modules\Boat\Controllers\BoatController::boatCabinBookingSuccessByPayment does not exist. {"exception":"[object] (BadMethodCallException(code: 0): Method Modules\\Boat\\Controllers\\BoatController::boatCabinBookingSuccessByPayment does not exist. at C:\\ashiq vai\\app\\vendor\\laravel\\framework\\src\\Illuminate\\Routing\\Controller.php:68)
[stacktrace]
#0 C:\\ashiq vai\\app\\vendor\\laravel\\framework\\src\\Illuminate\\Routing\\Controller.php(54): Illuminate\\Routing\\Controller->__call('boatCabinBookin...', Array)
#1 C:\\ashiq vai\\app\\vendor\\laravel\\framework\\src\\Illuminate\\Routing\\ControllerDispatcher.php(43): Illuminate\\Routing\\Controller->callAction('boatCabinBookin...', Array)
#2 C:\\ashiq vai\\app\\vendor\\laravel\\framework\\src\\Illuminate\\Routing\\Route.php(260): Illuminate\\Routing\\ControllerDispatcher->dispatch(Object(Illuminate\\Routing\\Route), Object(Modules\\Boat\\Controllers\\BoatController), 'boatCabinBookin...')
#3 C:\\ashiq vai\\app\\vendor\\laravel\\framework\\src\\Illuminate\\Routing\\Route.php(205): Illuminate\\Routing\\Route->runController()
#4 C:\\ashiq vai\\app\\vendor\\laravel\\framework\\src\\Illuminate\\Routing\\Router.php(798): Illuminate\\Routing\\Route->run()
#5 C:\\ashiq vai\\app\\vendor\\laravel\\framework\\src\\Illuminate\\Pipeline\\Pipeline.php(141): Illuminate\\Routing\\Router->Illuminate\\Routing\\{closure}(Object(Illuminate\\Http\\Request))
#6 C:\\ashiq vai\\app\\app\\Http\\Middleware\\RequireChangePassword.php(41): Illuminate\\Pipeline\\Pipeline->Illuminate\\Pipeline\\{closure}(Object(Illuminate\\Http\\Request))
#7 C:\\ashiq vai\\app\\vendor\\laravel\\framework\\src\\Illuminate\\Pipeline\\Pipeline.php(180): App\\Http\\Middleware\\RequireChangePassword->handle(Object(Illuminate\\Http\\Request), Object(Closure))
#8 C:\\ashiq vai\\app\\app\\Http\\Middleware\\SetLanguageForAdmin.php(37): Illuminate\\Pipeline\\Pipeline->Illuminate\\Pipeline\\{closure}(Object(Illuminate\\Http\\Request))
#9 C:\\ashiq vai\\app\\vendor\\laravel\\framework\\src\\Illuminate\\Pipeline\\Pipeline.php(180): App\\Http\\Middleware\\SetLanguageForAdmin->handle(Object(Illuminate\\Http\\Request), Object(Closure))
#10 C:\\ashiq vai\\app\\app\\Http\\Middleware\\SetCurrentCurrency.php(48): Illuminate\\Pipeline\\Pipeline->Illuminate\\Pipeline\\{closure}(Object(Illuminate\\Http\\Request))
#11 C:\\ashiq vai\\app\\vendor\\laravel\\framework\\src\\Illuminate\\Pipeline\\Pipeline.php(180): App\\Http\\Middleware\\SetCurrentCurrency->handle(Object(Illuminate\\Http\\Request), Object(Closure))
#12 C:\\ashiq vai\\app\\app\\Http\\Middleware\\HideDebugbar.php(32): Illuminate\\Pipeline\\Pipeline->Illuminate\\Pipeline\\{closure}(Object(Illuminate\\Http\\Request))
#13 C:\\ashiq vai\\app\\vendor\\laravel\\framework\\src\\Illuminate\\Pipeline\\Pipeline.php(180): App\\Http\\Middleware\\HideDebugbar->handle(Object(Illuminate\\Http\\Request), Object(Closure))
#14 C:\\ashiq vai\\app\\app\\Http\\Middleware\\RedirectForMultiLanguage.php(58): Illuminate\\Pipeline\\Pipeline->Illuminate\\Pipeline\\{closure}(Object(Illuminate\\Http\\Request))
#15 C:\\ashiq vai\\app\\vendor\\laravel\\framework\\src\\Illuminate\\Pipeline\\Pipeline.php(180): App\\Http\\Middleware\\RedirectForMultiLanguage->handle(Object(Illuminate\\Http\\Request), Object(Closure))
#16 C:\\ashiq vai\\app\\vendor\\laravel\\framework\\src\\Illuminate\\Routing\\Middleware\\SubstituteBindings.php(50): Illuminate\\Pipeline\\Pipeline->Illuminate\\Pipeline\\{closure}(Object(Illuminate\\Http\\Request))
#17 C:\\ashiq vai\\app\\vendor\\laravel\\framework\\src\\Illuminate\\Pipeline\\Pipeline.php(180): Illuminate\\Routing\\Middleware\\SubstituteBindings->handle(Object(Illuminate\\Http\\Request), Object(Closure))
#18 C:\\ashiq vai\\app\\vendor\\laravel\\framework\\src\\Illuminate\\Foundation\\Http\\Middleware\\VerifyCsrfToken.php(78): Illuminate\\Pipeline\\Pipeline->Illuminate\\Pipeline\\{closure}(Object(Illuminate\\Http\\Request))
#19 C:\\ashiq vai\\app\\vendor\\laravel\\framework\\src\\Illuminate\\Pipeline\\Pipeline.php(180): Illuminate\\Foundation\\Http\\Middleware\\VerifyCsrfToken->handle(Object(Illuminate\\Http\\Request), Object(Closure))
#20 C:\\ashiq vai\\app\\vendor\\laravel\\framework\\src\\Illuminate\\View\\Middleware\\ShareErrorsFromSession.php(49): Illuminate\\Pipeline\\Pipeline->Illuminate\\Pipeline\\{closure}(Object(Illuminate\\Http\\Request))
#21 C:\\ashiq vai\\app\\vendor\\laravel\\framework\\src\\Illuminate\\Pipeline\\Pipeline.php(180): Illuminate\\View\\Middleware\\ShareErrorsFromSession->handle(Object(Illuminate\\Http\\Request), Object(Closure))
#22 C:\\ashiq vai\\app\\vendor\\laravel\\framework\\src\\Illuminate\\Session\\Middleware\\StartSession.php(121): Illuminate\\Pipeline\\Pipeline->Illuminate\\Pipeline\\{closure}(Object(Illuminate\\Http\\Request))
#23 C:\\ashiq vai\\app\\vendor\\laravel\\framework\\src\\Illuminate\\Session\\Middleware\\StartSession.php(64): Illuminate\\Session\\Middleware\\StartSession->handleStatefulRequest(Object(Illuminate\\Http\\Request), Object(Illuminate\\Session\\Store), Object(Closure))
#24 C:\\ashiq vai\\app\\vendor\\laravel\\framework\\src\\Illuminate\\Pipeline\\Pipeline.php(180): Illuminate\\Session\\Middleware\\StartSession->handle(Object(Illuminate\\Http\\Request), Object(Closure))
#25 C:\\ashiq vai\\app\\vendor\\laravel\\framework\\src\\Illuminate\\Cookie\\Middleware\\AddQueuedCookiesToResponse.php(37): Illuminate\\Pipeline\\Pipeline->Illuminate\\Pipeline\\{closure}(Object(Illuminate\\Http\\Request))
#26 C:\\ashiq vai\\app\\vendor\\laravel\\framework\\src\\Illuminate\\Pipeline\\Pipeline.php(180): Illuminate\\Cookie\\Middleware\\AddQueuedCookiesToResponse->handle(Object(Illuminate\\Http\\Request), Object(Closure))
#27 C:\\ashiq vai\\app\\vendor\\laravel\\framework\\src\\Illuminate\\Cookie\\Middleware\\EncryptCookies.php(67): Illuminate\\Pipeline\\Pipeline->Illuminate\\Pipeline\\{closure}(Object(Illuminate\\Http\\Request))
#28 C:\\ashiq vai\\app\\vendor\\laravel\\framework\\src\\Illuminate\\Pipeline\\Pipeline.php(180): Illuminate\\Cookie\\Middleware\\EncryptCookies->handle(Object(Illuminate\\Http\\Request), Object(Closure))
#29 C:\\ashiq vai\\app\\vendor\\laravel\\framework\\src\\Illuminate\\Pipeline\\Pipeline.php(116): Illuminate\\Pipeline\\Pipeline->Illuminate\\Pipeline\\{closure}(Object(Illuminate\\Http\\Request))
#30 C:\\ashiq vai\\app\\vendor\\laravel\\framework\\src\\Illuminate\\Routing\\Router.php(799): Illuminate\\Pipeline\\Pipeline->then(Object(Closure))
#31 C:\\ashiq vai\\app\\vendor\\laravel\\framework\\src\\Illuminate\\Routing\\Router.php(776): Illuminate\\Routing\\Router->runRouteWithinStack(Object(Illuminate\\Routing\\Route), Object(Illuminate\\Http\\Request))
#32 C:\\ashiq vai\\app\\vendor\\laravel\\framework\\src\\Illuminate\\Routing\\Router.php(740): Illuminate\\Routing\\Router->runRoute(Object(Illuminate\\Http\\Request), Object(Illuminate\\Routing\\Route))
#33 C:\\ashiq vai\\app\\vendor\\laravel\\framework\\src\\Illuminate\\Routing\\Router.php(729): Illuminate\\Routing\\Router->dispatchToRoute(Object(Illuminate\\Http\\Request))
#34 C:\\ashiq vai\\app\\vendor\\laravel\\framework\\src\\Illuminate\\Foundation\\Http\\Kernel.php(190): Illuminate\\Routing\\Router->dispatch(Object(Illuminate\\Http\\Request))
#35 C:\\ashiq vai\\app\\vendor\\laravel\\framework\\src\\Illuminate\\Pipeline\\Pipeline.php(141): Illuminate\\Foundation\\Http\\Kernel->Illuminate\\Foundation\\Http\\{closure}(Object(Illuminate\\Http\\Request))
#36 C:\\ashiq vai\\app\\themes\\Base\\Core\\Middleware\\RunUpdater.php(76): Illuminate\\Pipeline\\Pipeline->Illuminate\\Pipeline\\{closure}(Object(Illuminate\\Http\\Request))
#37 C:\\ashiq vai\\app\\vendor\\laravel\\framework\\src\\Illuminate\\Pipeline\\Pipeline.php(180): Themes\\Base\\Core\\Middleware\\RunUpdater->handle(Object(Illuminate\\Http\\Request), Object(Closure))
#38 C:\\ashiq vai\\app\\vendor\\barryvdh\\laravel-debugbar\\src\\Middleware\\InjectDebugbar.php(66): Illuminate\\Pipeline\\Pipeline->Illuminate\\Pipeline\\{closure}(Object(Illuminate\\Http\\Request))
#39 C:\\ashiq vai\\app\\vendor\\laravel\\framework\\src\\Illuminate\\Pipeline\\Pipeline.php(180): Barryvdh\\Debugbar\\Middleware\\InjectDebugbar->handle(Object(Illuminate\\Http\\Request), Object(Closure))
#40 C:\\ashiq vai\\app\\vendor\\laravel\\framework\\src\\Illuminate\\Foundation\\Http\\Middleware\\TransformsRequest.php(21): Illuminate\\Pipeline\\Pipeline->Illuminate\\Pipeline\\{closure}(Object(Illuminate\\Http\\Request))
#41 C:\\ashiq vai\\app\\vendor\\laravel\\framework\\src\\Illuminate\\Foundation\\Http\\Middleware\\ConvertEmptyStringsToNull.php(31): Illuminate\\Foundation\\Http\\Middleware\\TransformsRequest->handle(Object(Illuminate\\Http\\Request), Object(Closure))
#42 C:\\ashiq vai\\app\\vendor\\laravel\\framework\\src\\Illuminate\\Pipeline\\Pipeline.php(180): Illuminate\\Foundation\\Http\\Middleware\\ConvertEmptyStringsToNull->handle(Object(Illuminate\\Http\\Request), Object(Closure))
#43 C:\\ashiq vai\\app\\vendor\\laravel\\framework\\src\\Illuminate\\Foundation\\Http\\Middleware\\TransformsRequest.php(21): Illuminate\\Pipeline\\Pipeline->Illuminate\\Pipeline\\{closure}(Object(Illuminate\\Http\\Request))
#44 C:\\ashiq vai\\app\\vendor\\laravel\\framework\\src\\Illuminate\\Foundation\\Http\\Middleware\\TrimStrings.php(40): Illuminate\\Foundation\\Http\\Middleware\\TransformsRequest->handle(Object(Illuminate\\Http\\Request), Object(Closure))
#45 C:\\ashiq vai\\app\\vendor\\laravel\\framework\\src\\Illuminate\\Pipeline\\Pipeline.php(180): Illuminate\\Foundation\\Http\\Middleware\\TrimStrings->handle(Object(Illuminate\\Http\\Request), Object(Closure))
#46 C:\\ashiq vai\\app\\vendor\\laravel\\framework\\src\\Illuminate\\Foundation\\Http\\Middleware\\ValidatePostSize.php(27): Illuminate\\Pipeline\\Pipeline->Illuminate\\Pipeline\\{closure}(Object(Illuminate\\Http\\Request))
#47 C:\\ashiq vai\\app\\vendor\\laravel\\framework\\src\\Illuminate\\Pipeline\\Pipeline.php(180): Illuminate\\Foundation\\Http\\Middleware\\ValidatePostSize->handle(Object(Illuminate\\Http\\Request), Object(Closure))
#48 C:\\ashiq vai\\app\\vendor\\laravel\\framework\\src\\Illuminate\\Foundation\\Http\\Middleware\\PreventRequestsDuringMaintenance.php(86): Illuminate\\Pipeline\\Pipeline->Illuminate\\Pipeline\\{closure}(Object(Illuminate\\Http\\Request))
#49 C:\\ashiq vai\\app\\vendor\\laravel\\framework\\src\\Illuminate\\Pipeline\\Pipeline.php(180): Illuminate\\Foundation\\Http\\Middleware\\PreventRequestsDuringMaintenance->handle(Object(Illuminate\\Http\\Request), Object(Closure))
#50 C:\\ashiq vai\\app\\vendor\\laravel\\framework\\src\\Illuminate\\Http\\Middleware\\HandleCors.php(49): Illuminate\\Pipeline\\Pipeline->Illuminate\\Pipeline\\{closure}(Object(Illuminate\\Http\\Request))
#51 C:\\ashiq vai\\app\\vendor\\laravel\\framework\\src\\Illuminate\\Pipeline\\Pipeline.php(180): Illuminate\\Http\\Middleware\\HandleCors->handle(Object(Illuminate\\Http\\Request), Object(Closure))
#52 C:\\ashiq vai\\app\\app\\Http\\Middleware\\RedirectToInstaller.php(40): Illuminate\\Pipeline\\Pipeline->Illuminate\\Pipeline\\{closure}(Object(Illuminate\\Http\\Request))
#53 C:\\ashiq vai\\app\\vendor\\laravel\\framework\\src\\Illuminate\\Pipeline\\Pipeline.php(180): App\\Http\\Middleware\\RedirectToInstaller->handle(Object(Illuminate\\Http\\Request), Object(Closure))
#54 C:\\ashiq vai\\app\\vendor\\laravel\\framework\\src\\Illuminate\\Http\\Middleware\\TrustProxies.php(39): Illuminate\\Pipeline\\Pipeline->Illuminate\\Pipeline\\{closure}(Object(Illuminate\\Http\\Request))
#55 C:\\ashiq vai\\app\\vendor\\laravel\\framework\\src\\Illuminate\\Pipeline\\Pipeline.php(180): Illuminate\\Http\\Middleware\\TrustProxies->handle(Object(Illuminate\\Http\\Request), Object(Closure))
#56 C:\\ashiq vai\\app\\vendor\\laravel\\framework\\src\\Illuminate\\Pipeline\\Pipeline.php(116): Illuminate\\Pipeline\\Pipeline->Illuminate\\Pipeline\\{closure}(Object(Illuminate\\Http\\Request))
#57 C:\\ashiq vai\\app\\vendor\\laravel\\framework\\src\\Illuminate\\Foundation\\Http\\Kernel.php(165): Illuminate\\Pipeline\\Pipeline->then(Object(Closure))
#58 C:\\ashiq vai\\app\\vendor\\laravel\\framework\\src\\Illuminate\\Foundation\\Http\\Kernel.php(134): Illuminate\\Foundation\\Http\\Kernel->sendRequestThroughRouter(Object(Illuminate\\Http\\Request))
#59 C:\\ashiq vai\\app\\public\\index.php(75): Illuminate\\Foundation\\Http\\Kernel->handle(Object(Illuminate\\Http\\Request))
#60 C:\\ashiq vai\\app\\server.php(21): require_once('C:\\\\ashiq vai\\\\ap...')
#61 {main}
"} 
[2024-09-19 13:29:41] localhost.INFO: SSLCommerz Success Callback: {"tran_id":"66ebd006a0173","val_id":"240919132139gRDaq5OkJAwNkTZ","amount":"250.00","card_type":"UPay-UPay","store_amount":"243.75","card_no":null,"bank_tran_id":"240919132139aOVlHCS8rFD7s8D","status":"VALID","tran_date":"2024-09-19 13:21:39","error":null,"currency":"BDT","card_issuer":"UPay","card_brand":"MOBILEBANKING","card_sub_brand":"Classic","card_issuer_country":"Bangladesh","card_issuer_country_code":"BD","store_id":"test65509f41a1392","verify_sign":"c37c0bcbbbdb1e6ce62350f0e37e5ca8","verify_key":"amount,bank_tran_id,base_fair,card_brand,card_issuer,card_issuer_country,card_issuer_country_code,card_no,card_sub_brand,card_type,currency,currency_amount,currency_rate,currency_type,error,risk_level,risk_title,status,store_amount,store_id,tran_date,tran_id,val_id,value_a,value_b,value_c,value_d","verify_sign_sha2":"afb0486e2e6c726fbad1923f1c50a5ccdbf0f972e0eaa54b2d4ea5c69239fe81","currency_type":null,"currency_amount":null,"currency_rate":null,"base_fair":null,"value_a":null,"value_b":null,"value_c":null,"value_d":null,"subscription_id":null,"risk_level":"0","risk_title":"Safe"} 
[2024-09-19 13:39:12] localhost.INFO: SSLCommerz Success Callback: {"tran_id":"66ebd50c2bb9e","val_id":"240919133910QyJrH6A6QUyG4Vs","amount":"250.00","card_type":"BKASH-BKash","store_amount":"243.75","card_no":null,"bank_tran_id":"240919133910KLwQnbwiz89Jlpb","status":"VALID","tran_date":"2024-09-19 13:38:53","error":null,"currency":"BDT","card_issuer":"BKash Mobile Banking","card_brand":"MOBILEBANKING","card_sub_brand":"Classic","card_issuer_country":"Bangladesh","card_issuer_country_code":"BD","store_id":"test65509f41a1392","verify_sign":"3844972414dd853b9b18fa3e19a36fd7","verify_key":"amount,bank_tran_id,base_fair,card_brand,card_issuer,card_issuer_country,card_issuer_country_code,card_no,card_sub_brand,card_type,currency,currency_amount,currency_rate,currency_type,error,risk_level,risk_title,status,store_amount,store_id,tran_date,tran_id,val_id,value_a,value_b,value_c,value_d","verify_sign_sha2":"36101f60e8a952e6d6ac0aa09414a23c188b3ecf086f1a4a63b14da78ea2b4fb","currency_type":"BDT","currency_amount":"250.00","currency_rate":"1.0000","base_fair":"0.00","value_a":null,"value_b":null,"value_c":null,"value_d":null,"subscription_id":null,"risk_level":"0","risk_title":"Safe"} 
[2024-09-19 13:43:30] localhost.INFO: SSLCommerz Success Callback: {"tran_id":"66ebd50c2bb9e","val_id":"240919133910QyJrH6A6QUyG4Vs","amount":"250.00","card_type":"BKASH-BKash","store_amount":"243.75","card_no":null,"bank_tran_id":"240919133910KLwQnbwiz89Jlpb","status":"VALID","tran_date":"2024-09-19 13:38:53","error":null,"currency":"BDT","card_issuer":"BKash Mobile Banking","card_brand":"MOBILEBANKING","card_sub_brand":"Classic","card_issuer_country":"Bangladesh","card_issuer_country_code":"BD","store_id":"test65509f41a1392","verify_sign":"3844972414dd853b9b18fa3e19a36fd7","verify_key":"amount,bank_tran_id,base_fair,card_brand,card_issuer,card_issuer_country,card_issuer_country_code,card_no,card_sub_brand,card_type,currency,currency_amount,currency_rate,currency_type,error,risk_level,risk_title,status,store_amount,store_id,tran_date,tran_id,val_id,value_a,value_b,value_c,value_d","verify_sign_sha2":"36101f60e8a952e6d6ac0aa09414a23c188b3ecf086f1a4a63b14da78ea2b4fb","currency_type":"BDT","currency_amount":"250.00","currency_rate":"1.0000","base_fair":"0.00","value_a":null,"value_b":null,"value_c":null,"value_d":null,"subscription_id":null,"risk_level":"0","risk_title":"Safe"} 
[2024-09-19 13:45:11] localhost.INFO: SSLCommerz Success Callback: {"tran_id":"66ebd50c2bb9e","val_id":"240919133910QyJrH6A6QUyG4Vs","amount":"250.00","card_type":"BKASH-BKash","store_amount":"243.75","card_no":null,"bank_tran_id":"240919133910KLwQnbwiz89Jlpb","status":"VALID","tran_date":"2024-09-19 13:38:53","error":null,"currency":"BDT","card_issuer":"BKash Mobile Banking","card_brand":"MOBILEBANKING","card_sub_brand":"Classic","card_issuer_country":"Bangladesh","card_issuer_country_code":"BD","store_id":"test65509f41a1392","verify_sign":"3844972414dd853b9b18fa3e19a36fd7","verify_key":"amount,bank_tran_id,base_fair,card_brand,card_issuer,card_issuer_country,card_issuer_country_code,card_no,card_sub_brand,card_type,currency,currency_amount,currency_rate,currency_type,error,risk_level,risk_title,status,store_amount,store_id,tran_date,tran_id,val_id,value_a,value_b,value_c,value_d","verify_sign_sha2":"36101f60e8a952e6d6ac0aa09414a23c188b3ecf086f1a4a63b14da78ea2b4fb","currency_type":"BDT","currency_amount":"250.00","currency_rate":"1.0000","base_fair":"0.00","value_a":null,"value_b":null,"value_c":null,"value_d":null,"subscription_id":null,"risk_level":"0","risk_title":"Safe"} 
[2024-09-19 13:45:11] localhost.ERROR: Undefined variable $phone {"exception":"[object] (ErrorException(code: 0): Undefined variable $phone at C:\\ashiq vai\\app\\modules\\Boat\\Controllers\\BoatController.php:439)
[stacktrace]
#0 C:\\ashiq vai\\app\\vendor\\laravel\\framework\\src\\Illuminate\\Foundation\\Bootstrap\\HandleExceptions.php(270): Illuminate\\Foundation\\Bootstrap\\HandleExceptions->handleError(2, 'Undefined varia...', 'C:\\\\ashiq vai\\\\ap...', 439)
#1 C:\\ashiq vai\\app\\modules\\Boat\\Controllers\\BoatController.php(439): Illuminate\\Foundation\\Bootstrap\\HandleExceptions->Illuminate\\Foundation\\Bootstrap\\{closure}(2, 'Undefined varia...', 'C:\\\\ashiq vai\\\\ap...', 439)
#2 C:\\ashiq vai\\app\\vendor\\laravel\\framework\\src\\Illuminate\\Routing\\Controller.php(54): Modules\\Boat\\Controllers\\BoatController->boatCabinBookingSuccessByPayment(Object(Illuminate\\Http\\Request))
#3 C:\\ashiq vai\\app\\vendor\\laravel\\framework\\src\\Illuminate\\Routing\\ControllerDispatcher.php(43): Illuminate\\Routing\\Controller->callAction('boatCabinBookin...', Array)
#4 C:\\ashiq vai\\app\\vendor\\laravel\\framework\\src\\Illuminate\\Routing\\Route.php(260): Illuminate\\Routing\\ControllerDispatcher->dispatch(Object(Illuminate\\Routing\\Route), Object(Modules\\Boat\\Controllers\\BoatController), 'boatCabinBookin...')
#5 C:\\ashiq vai\\app\\vendor\\laravel\\framework\\src\\Illuminate\\Routing\\Route.php(205): Illuminate\\Routing\\Route->runController()
#6 C:\\ashiq vai\\app\\vendor\\laravel\\framework\\src\\Illuminate\\Routing\\Router.php(798): Illuminate\\Routing\\Route->run()
#7 C:\\ashiq vai\\app\\vendor\\laravel\\framework\\src\\Illuminate\\Pipeline\\Pipeline.php(141): Illuminate\\Routing\\Router->Illuminate\\Routing\\{closure}(Object(Illuminate\\Http\\Request))
#8 C:\\ashiq vai\\app\\app\\Http\\Middleware\\RequireChangePassword.php(41): Illuminate\\Pipeline\\Pipeline->Illuminate\\Pipeline\\{closure}(Object(Illuminate\\Http\\Request))
#9 C:\\ashiq vai\\app\\vendor\\laravel\\framework\\src\\Illuminate\\Pipeline\\Pipeline.php(180): App\\Http\\Middleware\\RequireChangePassword->handle(Object(Illuminate\\Http\\Request), Object(Closure))
#10 C:\\ashiq vai\\app\\app\\Http\\Middleware\\SetLanguageForAdmin.php(37): Illuminate\\Pipeline\\Pipeline->Illuminate\\Pipeline\\{closure}(Object(Illuminate\\Http\\Request))
#11 C:\\ashiq vai\\app\\vendor\\laravel\\framework\\src\\Illuminate\\Pipeline\\Pipeline.php(180): App\\Http\\Middleware\\SetLanguageForAdmin->handle(Object(Illuminate\\Http\\Request), Object(Closure))
#12 C:\\ashiq vai\\app\\app\\Http\\Middleware\\SetCurrentCurrency.php(48): Illuminate\\Pipeline\\Pipeline->Illuminate\\Pipeline\\{closure}(Object(Illuminate\\Http\\Request))
#13 C:\\ashiq vai\\app\\vendor\\laravel\\framework\\src\\Illuminate\\Pipeline\\Pipeline.php(180): App\\Http\\Middleware\\SetCurrentCurrency->handle(Object(Illuminate\\Http\\Request), Object(Closure))
#14 C:\\ashiq vai\\app\\app\\Http\\Middleware\\HideDebugbar.php(32): Illuminate\\Pipeline\\Pipeline->Illuminate\\Pipeline\\{closure}(Object(Illuminate\\Http\\Request))
#15 C:\\ashiq vai\\app\\vendor\\laravel\\framework\\src\\Illuminate\\Pipeline\\Pipeline.php(180): App\\Http\\Middleware\\HideDebugbar->handle(Object(Illuminate\\Http\\Request), Object(Closure))
#16 C:\\ashiq vai\\app\\app\\Http\\Middleware\\RedirectForMultiLanguage.php(58): Illuminate\\Pipeline\\Pipeline->Illuminate\\Pipeline\\{closure}(Object(Illuminate\\Http\\Request))
#17 C:\\ashiq vai\\app\\vendor\\laravel\\framework\\src\\Illuminate\\Pipeline\\Pipeline.php(180): App\\Http\\Middleware\\RedirectForMultiLanguage->handle(Object(Illuminate\\Http\\Request), Object(Closure))
#18 C:\\ashiq vai\\app\\vendor\\laravel\\framework\\src\\Illuminate\\Routing\\Middleware\\SubstituteBindings.php(50): Illuminate\\Pipeline\\Pipeline->Illuminate\\Pipeline\\{closure}(Object(Illuminate\\Http\\Request))
#19 C:\\ashiq vai\\app\\vendor\\laravel\\framework\\src\\Illuminate\\Pipeline\\Pipeline.php(180): Illuminate\\Routing\\Middleware\\SubstituteBindings->handle(Object(Illuminate\\Http\\Request), Object(Closure))
#20 C:\\ashiq vai\\app\\vendor\\laravel\\framework\\src\\Illuminate\\Foundation\\Http\\Middleware\\VerifyCsrfToken.php(78): Illuminate\\Pipeline\\Pipeline->Illuminate\\Pipeline\\{closure}(Object(Illuminate\\Http\\Request))
#21 C:\\ashiq vai\\app\\vendor\\laravel\\framework\\src\\Illuminate\\Pipeline\\Pipeline.php(180): Illuminate\\Foundation\\Http\\Middleware\\VerifyCsrfToken->handle(Object(Illuminate\\Http\\Request), Object(Closure))
#22 C:\\ashiq vai\\app\\vendor\\laravel\\framework\\src\\Illuminate\\View\\Middleware\\ShareErrorsFromSession.php(49): Illuminate\\Pipeline\\Pipeline->Illuminate\\Pipeline\\{closure}(Object(Illuminate\\Http\\Request))
#23 C:\\ashiq vai\\app\\vendor\\laravel\\framework\\src\\Illuminate\\Pipeline\\Pipeline.php(180): Illuminate\\View\\Middleware\\ShareErrorsFromSession->handle(Object(Illuminate\\Http\\Request), Object(Closure))
#24 C:\\ashiq vai\\app\\vendor\\laravel\\framework\\src\\Illuminate\\Session\\Middleware\\StartSession.php(121): Illuminate\\Pipeline\\Pipeline->Illuminate\\Pipeline\\{closure}(Object(Illuminate\\Http\\Request))
#25 C:\\ashiq vai\\app\\vendor\\laravel\\framework\\src\\Illuminate\\Session\\Middleware\\StartSession.php(64): Illuminate\\Session\\Middleware\\StartSession->handleStatefulRequest(Object(Illuminate\\Http\\Request), Object(Illuminate\\Session\\Store), Object(Closure))
#26 C:\\ashiq vai\\app\\vendor\\laravel\\framework\\src\\Illuminate\\Pipeline\\Pipeline.php(180): Illuminate\\Session\\Middleware\\StartSession->handle(Object(Illuminate\\Http\\Request), Object(Closure))
#27 C:\\ashiq vai\\app\\vendor\\laravel\\framework\\src\\Illuminate\\Cookie\\Middleware\\AddQueuedCookiesToResponse.php(37): Illuminate\\Pipeline\\Pipeline->Illuminate\\Pipeline\\{closure}(Object(Illuminate\\Http\\Request))
#28 C:\\ashiq vai\\app\\vendor\\laravel\\framework\\src\\Illuminate\\Pipeline\\Pipeline.php(180): Illuminate\\Cookie\\Middleware\\AddQueuedCookiesToResponse->handle(Object(Illuminate\\Http\\Request), Object(Closure))
#29 C:\\ashiq vai\\app\\vendor\\laravel\\framework\\src\\Illuminate\\Cookie\\Middleware\\EncryptCookies.php(67): Illuminate\\Pipeline\\Pipeline->Illuminate\\Pipeline\\{closure}(Object(Illuminate\\Http\\Request))
#30 C:\\ashiq vai\\app\\vendor\\laravel\\framework\\src\\Illuminate\\Pipeline\\Pipeline.php(180): Illuminate\\Cookie\\Middleware\\EncryptCookies->handle(Object(Illuminate\\Http\\Request), Object(Closure))
#31 C:\\ashiq vai\\app\\vendor\\laravel\\framework\\src\\Illuminate\\Pipeline\\Pipeline.php(116): Illuminate\\Pipeline\\Pipeline->Illuminate\\Pipeline\\{closure}(Object(Illuminate\\Http\\Request))
#32 C:\\ashiq vai\\app\\vendor\\laravel\\framework\\src\\Illuminate\\Routing\\Router.php(799): Illuminate\\Pipeline\\Pipeline->then(Object(Closure))
#33 C:\\ashiq vai\\app\\vendor\\laravel\\framework\\src\\Illuminate\\Routing\\Router.php(776): Illuminate\\Routing\\Router->runRouteWithinStack(Object(Illuminate\\Routing\\Route), Object(Illuminate\\Http\\Request))
#34 C:\\ashiq vai\\app\\vendor\\laravel\\framework\\src\\Illuminate\\Routing\\Router.php(740): Illuminate\\Routing\\Router->runRoute(Object(Illuminate\\Http\\Request), Object(Illuminate\\Routing\\Route))
#35 C:\\ashiq vai\\app\\vendor\\laravel\\framework\\src\\Illuminate\\Routing\\Router.php(729): Illuminate\\Routing\\Router->dispatchToRoute(Object(Illuminate\\Http\\Request))
#36 C:\\ashiq vai\\app\\vendor\\laravel\\framework\\src\\Illuminate\\Foundation\\Http\\Kernel.php(190): Illuminate\\Routing\\Router->dispatch(Object(Illuminate\\Http\\Request))
#37 C:\\ashiq vai\\app\\vendor\\laravel\\framework\\src\\Illuminate\\Pipeline\\Pipeline.php(141): Illuminate\\Foundation\\Http\\Kernel->Illuminate\\Foundation\\Http\\{closure}(Object(Illuminate\\Http\\Request))
#38 C:\\ashiq vai\\app\\themes\\Base\\Core\\Middleware\\RunUpdater.php(76): Illuminate\\Pipeline\\Pipeline->Illuminate\\Pipeline\\{closure}(Object(Illuminate\\Http\\Request))
#39 C:\\ashiq vai\\app\\vendor\\laravel\\framework\\src\\Illuminate\\Pipeline\\Pipeline.php(180): Themes\\Base\\Core\\Middleware\\RunUpdater->handle(Object(Illuminate\\Http\\Request), Object(Closure))
#40 C:\\ashiq vai\\app\\vendor\\barryvdh\\laravel-debugbar\\src\\Middleware\\InjectDebugbar.php(66): Illuminate\\Pipeline\\Pipeline->Illuminate\\Pipeline\\{closure}(Object(Illuminate\\Http\\Request))
#41 C:\\ashiq vai\\app\\vendor\\laravel\\framework\\src\\Illuminate\\Pipeline\\Pipeline.php(180): Barryvdh\\Debugbar\\Middleware\\InjectDebugbar->handle(Object(Illuminate\\Http\\Request), Object(Closure))
#42 C:\\ashiq vai\\app\\vendor\\laravel\\framework\\src\\Illuminate\\Foundation\\Http\\Middleware\\TransformsRequest.php(21): Illuminate\\Pipeline\\Pipeline->Illuminate\\Pipeline\\{closure}(Object(Illuminate\\Http\\Request))
#43 C:\\ashiq vai\\app\\vendor\\laravel\\framework\\src\\Illuminate\\Foundation\\Http\\Middleware\\ConvertEmptyStringsToNull.php(31): Illuminate\\Foundation\\Http\\Middleware\\TransformsRequest->handle(Object(Illuminate\\Http\\Request), Object(Closure))
#44 C:\\ashiq vai\\app\\vendor\\laravel\\framework\\src\\Illuminate\\Pipeline\\Pipeline.php(180): Illuminate\\Foundation\\Http\\Middleware\\ConvertEmptyStringsToNull->handle(Object(Illuminate\\Http\\Request), Object(Closure))
#45 C:\\ashiq vai\\app\\vendor\\laravel\\framework\\src\\Illuminate\\Foundation\\Http\\Middleware\\TransformsRequest.php(21): Illuminate\\Pipeline\\Pipeline->Illuminate\\Pipeline\\{closure}(Object(Illuminate\\Http\\Request))
#46 C:\\ashiq vai\\app\\vendor\\laravel\\framework\\src\\Illuminate\\Foundation\\Http\\Middleware\\TrimStrings.php(40): Illuminate\\Foundation\\Http\\Middleware\\TransformsRequest->handle(Object(Illuminate\\Http\\Request), Object(Closure))
#47 C:\\ashiq vai\\app\\vendor\\laravel\\framework\\src\\Illuminate\\Pipeline\\Pipeline.php(180): Illuminate\\Foundation\\Http\\Middleware\\TrimStrings->handle(Object(Illuminate\\Http\\Request), Object(Closure))
#48 C:\\ashiq vai\\app\\vendor\\laravel\\framework\\src\\Illuminate\\Foundation\\Http\\Middleware\\ValidatePostSize.php(27): Illuminate\\Pipeline\\Pipeline->Illuminate\\Pipeline\\{closure}(Object(Illuminate\\Http\\Request))
#49 C:\\ashiq vai\\app\\vendor\\laravel\\framework\\src\\Illuminate\\Pipeline\\Pipeline.php(180): Illuminate\\Foundation\\Http\\Middleware\\ValidatePostSize->handle(Object(Illuminate\\Http\\Request), Object(Closure))
#50 C:\\ashiq vai\\app\\vendor\\laravel\\framework\\src\\Illuminate\\Foundation\\Http\\Middleware\\PreventRequestsDuringMaintenance.php(86): Illuminate\\Pipeline\\Pipeline->Illuminate\\Pipeline\\{closure}(Object(Illuminate\\Http\\Request))
#51 C:\\ashiq vai\\app\\vendor\\laravel\\framework\\src\\Illuminate\\Pipeline\\Pipeline.php(180): Illuminate\\Foundation\\Http\\Middleware\\PreventRequestsDuringMaintenance->handle(Object(Illuminate\\Http\\Request), Object(Closure))
#52 C:\\ashiq vai\\app\\vendor\\laravel\\framework\\src\\Illuminate\\Http\\Middleware\\HandleCors.php(49): Illuminate\\Pipeline\\Pipeline->Illuminate\\Pipeline\\{closure}(Object(Illuminate\\Http\\Request))
#53 C:\\ashiq vai\\app\\vendor\\laravel\\framework\\src\\Illuminate\\Pipeline\\Pipeline.php(180): Illuminate\\Http\\Middleware\\HandleCors->handle(Object(Illuminate\\Http\\Request), Object(Closure))
#54 C:\\ashiq vai\\app\\app\\Http\\Middleware\\RedirectToInstaller.php(40): Illuminate\\Pipeline\\Pipeline->Illuminate\\Pipeline\\{closure}(Object(Illuminate\\Http\\Request))
#55 C:\\ashiq vai\\app\\vendor\\laravel\\framework\\src\\Illuminate\\Pipeline\\Pipeline.php(180): App\\Http\\Middleware\\RedirectToInstaller->handle(Object(Illuminate\\Http\\Request), Object(Closure))
#56 C:\\ashiq vai\\app\\vendor\\laravel\\framework\\src\\Illuminate\\Http\\Middleware\\TrustProxies.php(39): Illuminate\\Pipeline\\Pipeline->Illuminate\\Pipeline\\{closure}(Object(Illuminate\\Http\\Request))
#57 C:\\ashiq vai\\app\\vendor\\laravel\\framework\\src\\Illuminate\\Pipeline\\Pipeline.php(180): Illuminate\\Http\\Middleware\\TrustProxies->handle(Object(Illuminate\\Http\\Request), Object(Closure))
#58 C:\\ashiq vai\\app\\vendor\\laravel\\framework\\src\\Illuminate\\Pipeline\\Pipeline.php(116): Illuminate\\Pipeline\\Pipeline->Illuminate\\Pipeline\\{closure}(Object(Illuminate\\Http\\Request))
#59 C:\\ashiq vai\\app\\vendor\\laravel\\framework\\src\\Illuminate\\Foundation\\Http\\Kernel.php(165): Illuminate\\Pipeline\\Pipeline->then(Object(Closure))
#60 C:\\ashiq vai\\app\\vendor\\laravel\\framework\\src\\Illuminate\\Foundation\\Http\\Kernel.php(134): Illuminate\\Foundation\\Http\\Kernel->sendRequestThroughRouter(Object(Illuminate\\Http\\Request))
#61 C:\\ashiq vai\\app\\public\\index.php(75): Illuminate\\Foundation\\Http\\Kernel->handle(Object(Illuminate\\Http\\Request))
#62 C:\\ashiq vai\\app\\server.php(21): require_once('C:\\\\ashiq vai\\\\ap...')
#63 {main}
"} 
[2024-09-19 13:50:36] localhost.INFO: SSLCommerz Success Callback: {"tran_id":"66ebd50c2bb9e","val_id":"240919133910QyJrH6A6QUyG4Vs","amount":"250.00","card_type":"BKASH-BKash","store_amount":"243.75","card_no":null,"bank_tran_id":"240919133910KLwQnbwiz89Jlpb","status":"VALID","tran_date":"2024-09-19 13:38:53","error":null,"currency":"BDT","card_issuer":"BKash Mobile Banking","card_brand":"MOBILEBANKING","card_sub_brand":"Classic","card_issuer_country":"Bangladesh","card_issuer_country_code":"BD","store_id":"test65509f41a1392","verify_sign":"3844972414dd853b9b18fa3e19a36fd7","verify_key":"amount,bank_tran_id,base_fair,card_brand,card_issuer,card_issuer_country,card_issuer_country_code,card_no,card_sub_brand,card_type,currency,currency_amount,currency_rate,currency_type,error,risk_level,risk_title,status,store_amount,store_id,tran_date,tran_id,val_id,value_a,value_b,value_c,value_d","verify_sign_sha2":"36101f60e8a952e6d6ac0aa09414a23c188b3ecf086f1a4a63b14da78ea2b4fb","currency_type":"BDT","currency_amount":"250.00","currency_rate":"1.0000","base_fair":"0.00","value_a":null,"value_b":null,"value_c":null,"value_d":null,"subscription_id":null,"risk_level":"0","risk_title":"Safe"} 
[2024-09-19 13:50:36] localhost.ERROR: User not authenticated for booking: 1  
[2024-09-19 13:51:32] localhost.INFO: SSLCommerz Success Callback: {"tran_id":"66ebd7fd08f8c","val_id":"2409191351310uknUdivFjbGv90","amount":"250.00","card_type":"NAGAD-Nagad","store_amount":"243.75","card_no":null,"bank_tran_id":"240919135131bjSvMCnwDigyxwd","status":"VALID","tran_date":"2024-09-19 13:51:25","error":null,"currency":"BDT","card_issuer":"Nagad","card_brand":"MOBILEBANKING","card_sub_brand":"Classic","card_issuer_country":"Bangladesh","card_issuer_country_code":"BD","store_id":"test65509f41a1392","verify_sign":"f97d66fd1d6f3e70b81aeb18be8a3ef0","verify_key":"amount,bank_tran_id,base_fair,card_brand,card_issuer,card_issuer_country,card_issuer_country_code,card_no,card_sub_brand,card_type,currency,currency_amount,currency_rate,currency_type,error,risk_level,risk_title,status,store_amount,store_id,tran_date,tran_id,val_id,value_a,value_b,value_c,value_d","verify_sign_sha2":"8d5cd41d7f594acb499c8922a5c66f80011fed40630b4eded87a9cf52068ba7c","currency_type":"BDT","currency_amount":"250.00","currency_rate":"1.0000","base_fair":"0.00","value_a":null,"value_b":null,"value_c":null,"value_d":null,"subscription_id":null,"risk_level":"0","risk_title":"Safe"} 
[2024-09-19 13:55:01] localhost.INFO: SSLCommerz Success Callback: {"tran_id":"66ebd7fd08f8c","val_id":"2409191351310uknUdivFjbGv90","amount":"250.00","card_type":"NAGAD-Nagad","store_amount":"243.75","card_no":null,"bank_tran_id":"240919135131bjSvMCnwDigyxwd","status":"VALID","tran_date":"2024-09-19 13:51:25","error":null,"currency":"BDT","card_issuer":"Nagad","card_brand":"MOBILEBANKING","card_sub_brand":"Classic","card_issuer_country":"Bangladesh","card_issuer_country_code":"BD","store_id":"test65509f41a1392","verify_sign":"f97d66fd1d6f3e70b81aeb18be8a3ef0","verify_key":"amount,bank_tran_id,base_fair,card_brand,card_issuer,card_issuer_country,card_issuer_country_code,card_no,card_sub_brand,card_type,currency,currency_amount,currency_rate,currency_type,error,risk_level,risk_title,status,store_amount,store_id,tran_date,tran_id,val_id,value_a,value_b,value_c,value_d","verify_sign_sha2":"8d5cd41d7f594acb499c8922a5c66f80011fed40630b4eded87a9cf52068ba7c","currency_type":"BDT","currency_amount":"250.00","currency_rate":"1.0000","base_fair":"0.00","value_a":null,"value_b":null,"value_c":null,"value_d":null,"subscription_id":null,"risk_level":"0","risk_title":"Safe"} 
[2024-09-19 13:55:19] localhost.INFO: SSLCommerz Success Callback: {"tran_id":"66ebd7fd08f8c","val_id":"2409191351310uknUdivFjbGv90","amount":"250.00","card_type":"NAGAD-Nagad","store_amount":"243.75","card_no":null,"bank_tran_id":"240919135131bjSvMCnwDigyxwd","status":"VALID","tran_date":"2024-09-19 13:51:25","error":null,"currency":"BDT","card_issuer":"Nagad","card_brand":"MOBILEBANKING","card_sub_brand":"Classic","card_issuer_country":"Bangladesh","card_issuer_country_code":"BD","store_id":"test65509f41a1392","verify_sign":"f97d66fd1d6f3e70b81aeb18be8a3ef0","verify_key":"amount,bank_tran_id,base_fair,card_brand,card_issuer,card_issuer_country,card_issuer_country_code,card_no,card_sub_brand,card_type,currency,currency_amount,currency_rate,currency_type,error,risk_level,risk_title,status,store_amount,store_id,tran_date,tran_id,val_id,value_a,value_b,value_c,value_d","verify_sign_sha2":"8d5cd41d7f594acb499c8922a5c66f80011fed40630b4eded87a9cf52068ba7c","currency_type":"BDT","currency_amount":"250.00","currency_rate":"1.0000","base_fair":"0.00","value_a":null,"value_b":null,"value_c":null,"value_d":null,"subscription_id":null,"risk_level":"0","risk_title":"Safe"} 
[2024-09-19 13:55:31] localhost.INFO: SSLCommerz Success Callback: {"tran_id":"66ebd7fd08f8c","val_id":"2409191351310uknUdivFjbGv90","amount":"250.00","card_type":"NAGAD-Nagad","store_amount":"243.75","card_no":null,"bank_tran_id":"240919135131bjSvMCnwDigyxwd","status":"VALID","tran_date":"2024-09-19 13:51:25","error":null,"currency":"BDT","card_issuer":"Nagad","card_brand":"MOBILEBANKING","card_sub_brand":"Classic","card_issuer_country":"Bangladesh","card_issuer_country_code":"BD","store_id":"test65509f41a1392","verify_sign":"f97d66fd1d6f3e70b81aeb18be8a3ef0","verify_key":"amount,bank_tran_id,base_fair,card_brand,card_issuer,card_issuer_country,card_issuer_country_code,card_no,card_sub_brand,card_type,currency,currency_amount,currency_rate,currency_type,error,risk_level,risk_title,status,store_amount,store_id,tran_date,tran_id,val_id,value_a,value_b,value_c,value_d","verify_sign_sha2":"8d5cd41d7f594acb499c8922a5c66f80011fed40630b4eded87a9cf52068ba7c","currency_type":"BDT","currency_amount":"250.00","currency_rate":"1.0000","base_fair":"0.00","value_a":null,"value_b":null,"value_c":null,"value_d":null,"subscription_id":null,"risk_level":"0","risk_title":"Safe"} 
[2024-09-19 13:57:08] localhost.INFO: SSLCommerz Success Callback: {"tran_id":"66ebd94b74be2","val_id":"240919135706sQB7mttMDDW7WRd","amount":"250.00","card_type":"ABBANKIB-AB Bank","store_amount":"243.75","card_no":null,"bank_tran_id":"2409191357061362h4yJFTfvcK8","status":"VALID","tran_date":"2024-09-19 13:57:00","error":null,"currency":"BDT","card_issuer":"AB Bank Limited","card_brand":"IB","card_sub_brand":"Classic","card_issuer_country":"Bangladesh","card_issuer_country_code":"BD","store_id":"test65509f41a1392","verify_sign":"b36abd522a4ae37d218e2b0643e1f3b6","verify_key":"amount,bank_tran_id,base_fair,card_brand,card_issuer,card_issuer_country,card_issuer_country_code,card_no,card_sub_brand,card_type,currency,currency_amount,currency_rate,currency_type,error,risk_level,risk_title,status,store_amount,store_id,tran_date,tran_id,val_id,value_a,value_b,value_c,value_d","verify_sign_sha2":"487aa4ad72c89d8bb84c9f5cd23863f114479867dea1c53b56373d673983f29b","currency_type":"BDT","currency_amount":"250.00","currency_rate":"1.0000","base_fair":"0.00","value_a":null,"value_b":null,"value_c":null,"value_d":null,"subscription_id":null,"risk_level":"0","risk_title":"Safe"} 
[2024-09-19 13:58:34] localhost.INFO: SSLCommerz Success Callback: {"tran_id":"66ebd94b74be2","val_id":"240919135706sQB7mttMDDW7WRd","amount":"250.00","card_type":"ABBANKIB-AB Bank","store_amount":"243.75","card_no":null,"bank_tran_id":"2409191357061362h4yJFTfvcK8","status":"VALID","tran_date":"2024-09-19 13:57:00","error":null,"currency":"BDT","card_issuer":"AB Bank Limited","card_brand":"IB","card_sub_brand":"Classic","card_issuer_country":"Bangladesh","card_issuer_country_code":"BD","store_id":"test65509f41a1392","verify_sign":"b36abd522a4ae37d218e2b0643e1f3b6","verify_key":"amount,bank_tran_id,base_fair,card_brand,card_issuer,card_issuer_country,card_issuer_country_code,card_no,card_sub_brand,card_type,currency,currency_amount,currency_rate,currency_type,error,risk_level,risk_title,status,store_amount,store_id,tran_date,tran_id,val_id,value_a,value_b,value_c,value_d","verify_sign_sha2":"487aa4ad72c89d8bb84c9f5cd23863f114479867dea1c53b56373d673983f29b","currency_type":"BDT","currency_amount":"250.00","currency_rate":"1.0000","base_fair":"0.00","value_a":null,"value_b":null,"value_c":null,"value_d":null,"subscription_id":null,"risk_level":"0","risk_title":"Safe"} 
[2024-09-19 13:59:03] localhost.INFO: SSLCommerz Success Callback: {"tran_id":"66ebd94b74be2","val_id":"240919135706sQB7mttMDDW7WRd","amount":"250.00","card_type":"ABBANKIB-AB Bank","store_amount":"243.75","card_no":null,"bank_tran_id":"2409191357061362h4yJFTfvcK8","status":"VALID","tran_date":"2024-09-19 13:57:00","error":null,"currency":"BDT","card_issuer":"AB Bank Limited","card_brand":"IB","card_sub_brand":"Classic","card_issuer_country":"Bangladesh","card_issuer_country_code":"BD","store_id":"test65509f41a1392","verify_sign":"b36abd522a4ae37d218e2b0643e1f3b6","verify_key":"amount,bank_tran_id,base_fair,card_brand,card_issuer,card_issuer_country,card_issuer_country_code,card_no,card_sub_brand,card_type,currency,currency_amount,currency_rate,currency_type,error,risk_level,risk_title,status,store_amount,store_id,tran_date,tran_id,val_id,value_a,value_b,value_c,value_d","verify_sign_sha2":"487aa4ad72c89d8bb84c9f5cd23863f114479867dea1c53b56373d673983f29b","currency_type":"BDT","currency_amount":"250.00","currency_rate":"1.0000","base_fair":"0.00","value_a":null,"value_b":null,"value_c":null,"value_d":null,"subscription_id":null,"risk_level":"0","risk_title":"Safe"} 
[2024-09-19 14:01:43] localhost.INFO: SSLCommerz Success Callback: {"tran_id":"66ebd94b74be2","val_id":"240919135706sQB7mttMDDW7WRd","amount":"250.00","card_type":"ABBANKIB-AB Bank","store_amount":"243.75","card_no":null,"bank_tran_id":"2409191357061362h4yJFTfvcK8","status":"VALID","tran_date":"2024-09-19 13:57:00","error":null,"currency":"BDT","card_issuer":"AB Bank Limited","card_brand":"IB","card_sub_brand":"Classic","card_issuer_country":"Bangladesh","card_issuer_country_code":"BD","store_id":"test65509f41a1392","verify_sign":"b36abd522a4ae37d218e2b0643e1f3b6","verify_key":"amount,bank_tran_id,base_fair,card_brand,card_issuer,card_issuer_country,card_issuer_country_code,card_no,card_sub_brand,card_type,currency,currency_amount,currency_rate,currency_type,error,risk_level,risk_title,status,store_amount,store_id,tran_date,tran_id,val_id,value_a,value_b,value_c,value_d","verify_sign_sha2":"487aa4ad72c89d8bb84c9f5cd23863f114479867dea1c53b56373d673983f29b","currency_type":"BDT","currency_amount":"250.00","currency_rate":"1.0000","base_fair":"0.00","value_a":null,"value_b":null,"value_c":null,"value_d":null,"subscription_id":null,"risk_level":"0","risk_title":"Safe"} 
[2024-09-19 14:02:17] localhost.INFO: SSLCommerz Success Callback: {"tran_id":"66ebd94b74be2","val_id":"240919135706sQB7mttMDDW7WRd","amount":"250.00","card_type":"ABBANKIB-AB Bank","store_amount":"243.75","card_no":null,"bank_tran_id":"2409191357061362h4yJFTfvcK8","status":"VALID","tran_date":"2024-09-19 13:57:00","error":null,"currency":"BDT","card_issuer":"AB Bank Limited","card_brand":"IB","card_sub_brand":"Classic","card_issuer_country":"Bangladesh","card_issuer_country_code":"BD","store_id":"test65509f41a1392","verify_sign":"b36abd522a4ae37d218e2b0643e1f3b6","verify_key":"amount,bank_tran_id,base_fair,card_brand,card_issuer,card_issuer_country,card_issuer_country_code,card_no,card_sub_brand,card_type,currency,currency_amount,currency_rate,currency_type,error,risk_level,risk_title,status,store_amount,store_id,tran_date,tran_id,val_id,value_a,value_b,value_c,value_d","verify_sign_sha2":"487aa4ad72c89d8bb84c9f5cd23863f114479867dea1c53b56373d673983f29b","currency_type":"BDT","currency_amount":"250.00","currency_rate":"1.0000","base_fair":"0.00","value_a":null,"value_b":null,"value_c":null,"value_d":null,"subscription_id":null,"risk_level":"0","risk_title":"Safe"} 
[2024-09-19 14:02:33] localhost.INFO: SSLCommerz Success Callback: {"tran_id":"66ebd94b74be2","val_id":"240919135706sQB7mttMDDW7WRd","amount":"250.00","card_type":"ABBANKIB-AB Bank","store_amount":"243.75","card_no":null,"bank_tran_id":"2409191357061362h4yJFTfvcK8","status":"VALID","tran_date":"2024-09-19 13:57:00","error":null,"currency":"BDT","card_issuer":"AB Bank Limited","card_brand":"IB","card_sub_brand":"Classic","card_issuer_country":"Bangladesh","card_issuer_country_code":"BD","store_id":"test65509f41a1392","verify_sign":"b36abd522a4ae37d218e2b0643e1f3b6","verify_key":"amount,bank_tran_id,base_fair,card_brand,card_issuer,card_issuer_country,card_issuer_country_code,card_no,card_sub_brand,card_type,currency,currency_amount,currency_rate,currency_type,error,risk_level,risk_title,status,store_amount,store_id,tran_date,tran_id,val_id,value_a,value_b,value_c,value_d","verify_sign_sha2":"487aa4ad72c89d8bb84c9f5cd23863f114479867dea1c53b56373d673983f29b","currency_type":"BDT","currency_amount":"250.00","currency_rate":"1.0000","base_fair":"0.00","value_a":null,"value_b":null,"value_c":null,"value_d":null,"subscription_id":null,"risk_level":"0","risk_title":"Safe"} 
[2024-09-19 15:08:52] localhost.INFO: SSLCommerz Success Callback: {"tran_id":"66ebea17c368d","val_id":"2409191508501sHdT3UXdVAFfiq","amount":"260.00","card_type":"BKASH-BKash","store_amount":"253.50","card_no":null,"bank_tran_id":"240919150850LLnRLpLkhd0DwsA","status":"VALID","tran_date":"2024-09-19 15:08:50","error":null,"currency":"BDT","card_issuer":"BKash Mobile Banking","card_brand":"MOBILEBANKING","card_sub_brand":"Classic","card_issuer_country":"Bangladesh","card_issuer_country_code":"BD","store_id":"test65509f41a1392","verify_sign":"d51c45a8b9edb068af089bcd6c8f0e9a","verify_key":"amount,bank_tran_id,base_fair,card_brand,card_issuer,card_issuer_country,card_issuer_country_code,card_no,card_sub_brand,card_type,currency,currency_amount,currency_rate,currency_type,error,risk_level,risk_title,status,store_amount,store_id,tran_date,tran_id,val_id,value_a,value_b,value_c,value_d","verify_sign_sha2":"5a5d0f8bff14a9403bbb7dce5d0999657d9b49d2accec2ff0b99be5c29bf0baa","currency_type":null,"currency_amount":null,"currency_rate":null,"base_fair":null,"value_a":null,"value_b":null,"value_c":null,"value_d":null,"subscription_id":null,"risk_level":"0","risk_title":"Safe"} 
[2024-09-19 16:29:10] localhost.INFO: SSLCommerz Success Callback: {"tran_id":"66ebfcee516a7","val_id":"240919162909jArNxYkL7CkcoKh","amount":"290.00","card_type":"BKASH-BKash","store_amount":"282.75","card_no":null,"bank_tran_id":"2409191629091scHBizEeFDnMlr","status":"VALID","tran_date":"2024-09-19 16:29:03","error":null,"currency":"BDT","card_issuer":"BKash Mobile Banking","card_brand":"MOBILEBANKING","card_sub_brand":"Classic","card_issuer_country":"Bangladesh","card_issuer_country_code":"BD","store_id":"test65509f41a1392","verify_sign":"47139f4a46ba64e9c4aeaaa27611ad0c","verify_key":"amount,bank_tran_id,base_fair,card_brand,card_issuer,card_issuer_country,card_issuer_country_code,card_no,card_sub_brand,card_type,currency,currency_amount,currency_rate,currency_type,error,risk_level,risk_title,status,store_amount,store_id,tran_date,tran_id,val_id,value_a,value_b,value_c,value_d","verify_sign_sha2":"21a507ad6b7b6942b8c01e8211e93fa2c7565b314fbf9c5a114b8db15a3d570c","currency_type":"BDT","currency_amount":"290.00","currency_rate":"1.0000","base_fair":"0.00","value_a":null,"value_b":null,"value_c":null,"value_d":null,"subscription_id":null,"risk_level":"0","risk_title":"Safe"} 
[2024-09-19 16:35:05] localhost.INFO: SSLCommerz Success Callback: {"tran_id":"66ebfe4f692a7","val_id":"240919163503rRh0vLfGEJNgQGX","amount":"270.00","card_type":"BKASH-BKash","store_amount":"263.25","card_no":null,"bank_tran_id":"24091916350313OYuwSOiF8Tf5V","status":"VALID","tran_date":"2024-09-19 16:34:57","error":null,"currency":"BDT","card_issuer":"BKash Mobile Banking","card_brand":"MOBILEBANKING","card_sub_brand":"Classic","card_issuer_country":"Bangladesh","card_issuer_country_code":"BD","store_id":"test65509f41a1392","verify_sign":"9cb39c1af735f949d74c4bb22bbc0d58","verify_key":"amount,bank_tran_id,base_fair,card_brand,card_issuer,card_issuer_country,card_issuer_country_code,card_no,card_sub_brand,card_type,currency,currency_amount,currency_rate,currency_type,error,risk_level,risk_title,status,store_amount,store_id,tran_date,tran_id,val_id,value_a,value_b,value_c,value_d","verify_sign_sha2":"f1aa6e93470954f3d9a484fa5e10e28672ff3eec18bcea9d9806f7ac14b03db1","currency_type":"BDT","currency_amount":"270.00","currency_rate":"1.0000","base_fair":"0.00","value_a":null,"value_b":null,"value_c":null,"value_d":null,"subscription_id":null,"risk_level":"0","risk_title":"Safe"} 
[2024-09-19 16:45:15] localhost.INFO: SSLCommerz Success Callback: {"tran_id":"66ebfe4f692a7","val_id":"240919163503rRh0vLfGEJNgQGX","amount":"270.00","card_type":"BKASH-BKash","store_amount":"263.25","card_no":null,"bank_tran_id":"24091916350313OYuwSOiF8Tf5V","status":"VALID","tran_date":"2024-09-19 16:34:57","error":null,"currency":"BDT","card_issuer":"BKash Mobile Banking","card_brand":"MOBILEBANKING","card_sub_brand":"Classic","card_issuer_country":"Bangladesh","card_issuer_country_code":"BD","store_id":"test65509f41a1392","verify_sign":"9cb39c1af735f949d74c4bb22bbc0d58","verify_key":"amount,bank_tran_id,base_fair,card_brand,card_issuer,card_issuer_country,card_issuer_country_code,card_no,card_sub_brand,card_type,currency,currency_amount,currency_rate,currency_type,error,risk_level,risk_title,status,store_amount,store_id,tran_date,tran_id,val_id,value_a,value_b,value_c,value_d","verify_sign_sha2":"f1aa6e93470954f3d9a484fa5e10e28672ff3eec18bcea9d9806f7ac14b03db1","currency_type":"BDT","currency_amount":"270.00","currency_rate":"1.0000","base_fair":"0.00","value_a":null,"value_b":null,"value_c":null,"value_d":null,"subscription_id":null,"risk_level":"0","risk_title":"Safe"} 
[2024-09-19 18:54:33] localhost.ERROR: Unclosed '{' on line 11 {"exception":"[object] (ParseError(code: 0): Unclosed '{' on line 11 at C:\\ashiq vai\\app\\app\\Console\\Commands\\GenerateBoatSchedules.php:72)
[stacktrace]
#0 C:\\ashiq vai\\app\\vendor\\composer\\ClassLoader.php(427): Composer\\Autoload\\{closure}('C:\\\\ashiq vai\\\\ap...')
#1 [internal function]: Composer\\Autoload\\ClassLoader->loadClass('App\\\\Console\\\\Com...')
#2 C:\\ashiq vai\\app\\vendor\\laravel\\framework\\src\\Illuminate\\Foundation\\Console\\Kernel.php(298): is_subclass_of('App\\\\Console\\\\Com...', 'Illuminate\\\\Cons...')
#3 C:\\ashiq vai\\app\\app\\Console\\Kernel.php(41): Illuminate\\Foundation\\Console\\Kernel->load(Array)
#4 C:\\ashiq vai\\app\\vendor\\laravel\\framework\\src\\Illuminate\\Foundation\\Console\\Kernel.php(389): App\\Console\\Kernel->commands()
#5 C:\\ashiq vai\\app\\vendor\\laravel\\framework\\src\\Illuminate\\Foundation\\Console\\Kernel.php(153): Illuminate\\Foundation\\Console\\Kernel->bootstrap()
#6 Command line code(1): Illuminate\\Foundation\\Console\\Kernel->handle(Object(Symfony\\Component\\Console\\Input\\ArgvInput), Object(Symfony\\Component\\Console\\Output\\ConsoleOutput))
#7 {main}
"} 
[2024-09-19 18:54:35] localhost.ERROR: Unclosed '{' on line 11 {"exception":"[object] (ParseError(code: 0): Unclosed '{' on line 11 at C:\\ashiq vai\\app\\app\\Console\\Commands\\GenerateBoatSchedules.php:72)
[stacktrace]
#0 C:\\ashiq vai\\app\\vendor\\composer\\ClassLoader.php(427): Composer\\Autoload\\{closure}('C:\\\\ashiq vai\\\\ap...')
#1 [internal function]: Composer\\Autoload\\ClassLoader->loadClass('App\\\\Console\\\\Com...')
#2 C:\\ashiq vai\\app\\vendor\\laravel\\framework\\src\\Illuminate\\Foundation\\Console\\Kernel.php(298): is_subclass_of('App\\\\Console\\\\Com...', 'Illuminate\\\\Cons...')
#3 C:\\ashiq vai\\app\\app\\Console\\Kernel.php(41): Illuminate\\Foundation\\Console\\Kernel->load(Array)
#4 C:\\ashiq vai\\app\\vendor\\laravel\\framework\\src\\Illuminate\\Foundation\\Console\\Kernel.php(389): App\\Console\\Kernel->commands()
#5 C:\\ashiq vai\\app\\vendor\\laravel\\framework\\src\\Illuminate\\Foundation\\Console\\Kernel.php(153): Illuminate\\Foundation\\Console\\Kernel->bootstrap()
#6 Command line code(1): Illuminate\\Foundation\\Console\\Kernel->handle(Object(Symfony\\Component\\Console\\Input\\ArgvInput), Object(Symfony\\Component\\Console\\Output\\ConsoleOutput))
#7 {main}
"} 
[2024-09-19 18:54:35] localhost.ERROR: Unclosed '{' on line 11 {"exception":"[object] (ParseError(code: 0): Unclosed '{' on line 11 at C:\\ashiq vai\\app\\app\\Console\\Commands\\GenerateBoatSchedules.php:72)
[stacktrace]
#0 C:\\ashiq vai\\app\\vendor\\composer\\ClassLoader.php(427): Composer\\Autoload\\{closure}('C:\\\\ashiq vai\\\\ap...')
#1 [internal function]: Composer\\Autoload\\ClassLoader->loadClass('App\\\\Console\\\\Com...')
#2 C:\\ashiq vai\\app\\vendor\\laravel\\framework\\src\\Illuminate\\Foundation\\Console\\Kernel.php(298): is_subclass_of('App\\\\Console\\\\Com...', 'Illuminate\\\\Cons...')
#3 C:\\ashiq vai\\app\\app\\Console\\Kernel.php(41): Illuminate\\Foundation\\Console\\Kernel->load(Array)
#4 C:\\ashiq vai\\app\\vendor\\laravel\\framework\\src\\Illuminate\\Foundation\\Console\\Kernel.php(389): App\\Console\\Kernel->commands()
#5 C:\\ashiq vai\\app\\vendor\\laravel\\framework\\src\\Illuminate\\Foundation\\Console\\Kernel.php(153): Illuminate\\Foundation\\Console\\Kernel->bootstrap()
#6 Command line code(1): Illuminate\\Foundation\\Console\\Kernel->handle(Object(Symfony\\Component\\Console\\Input\\ArgvInput), Object(Symfony\\Component\\Console\\Output\\ConsoleOutput))
#7 {main}
"} 
[2024-09-19 18:54:38] localhost.ERROR: Unclosed '{' on line 11 {"exception":"[object] (ParseError(code: 0): Unclosed '{' on line 11 at C:\\ashiq vai\\app\\app\\Console\\Commands\\GenerateBoatSchedules.php:72)
[stacktrace]
#0 C:\\ashiq vai\\app\\vendor\\composer\\ClassLoader.php(427): Composer\\Autoload\\{closure}('C:\\\\ashiq vai\\\\ap...')
#1 [internal function]: Composer\\Autoload\\ClassLoader->loadClass('App\\\\Console\\\\Com...')
#2 C:\\ashiq vai\\app\\vendor\\laravel\\framework\\src\\Illuminate\\Foundation\\Console\\Kernel.php(298): is_subclass_of('App\\\\Console\\\\Com...', 'Illuminate\\\\Cons...')
#3 C:\\ashiq vai\\app\\app\\Console\\Kernel.php(41): Illuminate\\Foundation\\Console\\Kernel->load(Array)
#4 C:\\ashiq vai\\app\\vendor\\laravel\\framework\\src\\Illuminate\\Foundation\\Console\\Kernel.php(389): App\\Console\\Kernel->commands()
#5 C:\\ashiq vai\\app\\vendor\\laravel\\framework\\src\\Illuminate\\Foundation\\Console\\Kernel.php(153): Illuminate\\Foundation\\Console\\Kernel->bootstrap()
#6 Command line code(1): Illuminate\\Foundation\\Console\\Kernel->handle(Object(Symfony\\Component\\Console\\Input\\ArgvInput), Object(Symfony\\Component\\Console\\Output\\ConsoleOutput))
#7 {main}
"} 
[2024-09-19 18:54:40] localhost.ERROR: Unclosed '{' on line 11 {"exception":"[object] (ParseError(code: 0): Unclosed '{' on line 11 at C:\\ashiq vai\\app\\app\\Console\\Commands\\GenerateBoatSchedules.php:72)
[stacktrace]
#0 C:\\ashiq vai\\app\\vendor\\composer\\ClassLoader.php(427): Composer\\Autoload\\{closure}('C:\\\\ashiq vai\\\\ap...')
#1 [internal function]: Composer\\Autoload\\ClassLoader->loadClass('App\\\\Console\\\\Com...')
#2 C:\\ashiq vai\\app\\vendor\\laravel\\framework\\src\\Illuminate\\Foundation\\Console\\Kernel.php(298): is_subclass_of('App\\\\Console\\\\Com...', 'Illuminate\\\\Cons...')
#3 C:\\ashiq vai\\app\\app\\Console\\Kernel.php(41): Illuminate\\Foundation\\Console\\Kernel->load(Array)
#4 C:\\ashiq vai\\app\\vendor\\laravel\\framework\\src\\Illuminate\\Foundation\\Console\\Kernel.php(389): App\\Console\\Kernel->commands()
#5 C:\\ashiq vai\\app\\vendor\\laravel\\framework\\src\\Illuminate\\Foundation\\Console\\Kernel.php(153): Illuminate\\Foundation\\Console\\Kernel->bootstrap()
#6 Command line code(1): Illuminate\\Foundation\\Console\\Kernel->handle(Object(Symfony\\Component\\Console\\Input\\ArgvInput), Object(Symfony\\Component\\Console\\Output\\ConsoleOutput))
#7 {main}
"} 
[2024-09-19 18:54:43] localhost.ERROR: Unclosed '{' on line 11 {"exception":"[object] (ParseError(code: 0): Unclosed '{' on line 11 at C:\\ashiq vai\\app\\app\\Console\\Commands\\GenerateBoatSchedules.php:72)
[stacktrace]
#0 C:\\ashiq vai\\app\\vendor\\composer\\ClassLoader.php(427): Composer\\Autoload\\{closure}('C:\\\\ashiq vai\\\\ap...')
#1 [internal function]: Composer\\Autoload\\ClassLoader->loadClass('App\\\\Console\\\\Com...')
#2 C:\\ashiq vai\\app\\vendor\\laravel\\framework\\src\\Illuminate\\Foundation\\Console\\Kernel.php(298): is_subclass_of('App\\\\Console\\\\Com...', 'Illuminate\\\\Cons...')
#3 C:\\ashiq vai\\app\\app\\Console\\Kernel.php(41): Illuminate\\Foundation\\Console\\Kernel->load(Array)
#4 C:\\ashiq vai\\app\\vendor\\laravel\\framework\\src\\Illuminate\\Foundation\\Console\\Kernel.php(389): App\\Console\\Kernel->commands()
#5 C:\\ashiq vai\\app\\vendor\\laravel\\framework\\src\\Illuminate\\Foundation\\Console\\Kernel.php(153): Illuminate\\Foundation\\Console\\Kernel->bootstrap()
#6 Command line code(1): Illuminate\\Foundation\\Console\\Kernel->handle(Object(Symfony\\Component\\Console\\Input\\ArgvInput), Object(Symfony\\Component\\Console\\Output\\ConsoleOutput))
#7 {main}
"} 
[2024-09-19 18:54:45] localhost.ERROR: Unclosed '{' on line 11 {"exception":"[object] (ParseError(code: 0): Unclosed '{' on line 11 at C:\\ashiq vai\\app\\app\\Console\\Commands\\GenerateBoatSchedules.php:72)
[stacktrace]
#0 C:\\ashiq vai\\app\\vendor\\composer\\ClassLoader.php(427): Composer\\Autoload\\{closure}('C:\\\\ashiq vai\\\\ap...')
#1 [internal function]: Composer\\Autoload\\ClassLoader->loadClass('App\\\\Console\\\\Com...')
#2 C:\\ashiq vai\\app\\vendor\\laravel\\framework\\src\\Illuminate\\Foundation\\Console\\Kernel.php(298): is_subclass_of('App\\\\Console\\\\Com...', 'Illuminate\\\\Cons...')
#3 C:\\ashiq vai\\app\\app\\Console\\Kernel.php(41): Illuminate\\Foundation\\Console\\Kernel->load(Array)
#4 C:\\ashiq vai\\app\\vendor\\laravel\\framework\\src\\Illuminate\\Foundation\\Console\\Kernel.php(389): App\\Console\\Kernel->commands()
#5 C:\\ashiq vai\\app\\vendor\\laravel\\framework\\src\\Illuminate\\Foundation\\Console\\Kernel.php(153): Illuminate\\Foundation\\Console\\Kernel->bootstrap()
#6 Command line code(1): Illuminate\\Foundation\\Console\\Kernel->handle(Object(Symfony\\Component\\Console\\Input\\ArgvInput), Object(Symfony\\Component\\Console\\Output\\ConsoleOutput))
#7 {main}
"} 
[2024-09-19 18:54:48] localhost.ERROR: Unclosed '{' on line 11 {"exception":"[object] (ParseError(code: 0): Unclosed '{' on line 11 at C:\\ashiq vai\\app\\app\\Console\\Commands\\GenerateBoatSchedules.php:72)
[stacktrace]
#0 C:\\ashiq vai\\app\\vendor\\composer\\ClassLoader.php(427): Composer\\Autoload\\{closure}('C:\\\\ashiq vai\\\\ap...')
#1 [internal function]: Composer\\Autoload\\ClassLoader->loadClass('App\\\\Console\\\\Com...')
#2 C:\\ashiq vai\\app\\vendor\\laravel\\framework\\src\\Illuminate\\Foundation\\Console\\Kernel.php(298): is_subclass_of('App\\\\Console\\\\Com...', 'Illuminate\\\\Cons...')
#3 C:\\ashiq vai\\app\\app\\Console\\Kernel.php(41): Illuminate\\Foundation\\Console\\Kernel->load(Array)
#4 C:\\ashiq vai\\app\\vendor\\laravel\\framework\\src\\Illuminate\\Foundation\\Console\\Kernel.php(389): App\\Console\\Kernel->commands()
#5 C:\\ashiq vai\\app\\vendor\\laravel\\framework\\src\\Illuminate\\Foundation\\Console\\Kernel.php(153): Illuminate\\Foundation\\Console\\Kernel->bootstrap()
#6 Command line code(1): Illuminate\\Foundation\\Console\\Kernel->handle(Object(Symfony\\Component\\Console\\Input\\ArgvInput), Object(Symfony\\Component\\Console\\Output\\ConsoleOutput))
#7 {main}
"} 
[2024-09-19 18:54:50] localhost.ERROR: Unclosed '{' on line 11 {"exception":"[object] (ParseError(code: 0): Unclosed '{' on line 11 at C:\\ashiq vai\\app\\app\\Console\\Commands\\GenerateBoatSchedules.php:72)
[stacktrace]
#0 C:\\ashiq vai\\app\\vendor\\composer\\ClassLoader.php(427): Composer\\Autoload\\{closure}('C:\\\\ashiq vai\\\\ap...')
#1 [internal function]: Composer\\Autoload\\ClassLoader->loadClass('App\\\\Console\\\\Com...')
#2 C:\\ashiq vai\\app\\vendor\\laravel\\framework\\src\\Illuminate\\Foundation\\Console\\Kernel.php(298): is_subclass_of('App\\\\Console\\\\Com...', 'Illuminate\\\\Cons...')
#3 C:\\ashiq vai\\app\\app\\Console\\Kernel.php(41): Illuminate\\Foundation\\Console\\Kernel->load(Array)
#4 C:\\ashiq vai\\app\\vendor\\laravel\\framework\\src\\Illuminate\\Foundation\\Console\\Kernel.php(389): App\\Console\\Kernel->commands()
#5 C:\\ashiq vai\\app\\vendor\\laravel\\framework\\src\\Illuminate\\Foundation\\Console\\Kernel.php(153): Illuminate\\Foundation\\Console\\Kernel->bootstrap()
#6 Command line code(1): Illuminate\\Foundation\\Console\\Kernel->handle(Object(Symfony\\Component\\Console\\Input\\ArgvInput), Object(Symfony\\Component\\Console\\Output\\ConsoleOutput))
#7 {main}
"} 
[2024-09-19 18:54:53] localhost.ERROR: Unclosed '{' on line 11 {"exception":"[object] (ParseError(code: 0): Unclosed '{' on line 11 at C:\\ashiq vai\\app\\app\\Console\\Commands\\GenerateBoatSchedules.php:72)
[stacktrace]
#0 C:\\ashiq vai\\app\\vendor\\composer\\ClassLoader.php(427): Composer\\Autoload\\{closure}('C:\\\\ashiq vai\\\\ap...')
#1 [internal function]: Composer\\Autoload\\ClassLoader->loadClass('App\\\\Console\\\\Com...')
#2 C:\\ashiq vai\\app\\vendor\\laravel\\framework\\src\\Illuminate\\Foundation\\Console\\Kernel.php(298): is_subclass_of('App\\\\Console\\\\Com...', 'Illuminate\\\\Cons...')
#3 C:\\ashiq vai\\app\\app\\Console\\Kernel.php(41): Illuminate\\Foundation\\Console\\Kernel->load(Array)
#4 C:\\ashiq vai\\app\\vendor\\laravel\\framework\\src\\Illuminate\\Foundation\\Console\\Kernel.php(389): App\\Console\\Kernel->commands()
#5 C:\\ashiq vai\\app\\vendor\\laravel\\framework\\src\\Illuminate\\Foundation\\Console\\Kernel.php(153): Illuminate\\Foundation\\Console\\Kernel->bootstrap()
#6 Command line code(1): Illuminate\\Foundation\\Console\\Kernel->handle(Object(Symfony\\Component\\Console\\Input\\ArgvInput), Object(Symfony\\Component\\Console\\Output\\ConsoleOutput))
#7 {main}
"} 
[2024-09-19 18:54:55] localhost.ERROR: Unclosed '{' on line 11 {"exception":"[object] (ParseError(code: 0): Unclosed '{' on line 11 at C:\\ashiq vai\\app\\app\\Console\\Commands\\GenerateBoatSchedules.php:72)
[stacktrace]
#0 C:\\ashiq vai\\app\\vendor\\composer\\ClassLoader.php(427): Composer\\Autoload\\{closure}('C:\\\\ashiq vai\\\\ap...')
#1 [internal function]: Composer\\Autoload\\ClassLoader->loadClass('App\\\\Console\\\\Com...')
#2 C:\\ashiq vai\\app\\vendor\\laravel\\framework\\src\\Illuminate\\Foundation\\Console\\Kernel.php(298): is_subclass_of('App\\\\Console\\\\Com...', 'Illuminate\\\\Cons...')
#3 C:\\ashiq vai\\app\\app\\Console\\Kernel.php(41): Illuminate\\Foundation\\Console\\Kernel->load(Array)
#4 C:\\ashiq vai\\app\\vendor\\laravel\\framework\\src\\Illuminate\\Foundation\\Console\\Kernel.php(389): App\\Console\\Kernel->commands()
#5 C:\\ashiq vai\\app\\vendor\\laravel\\framework\\src\\Illuminate\\Foundation\\Console\\Kernel.php(153): Illuminate\\Foundation\\Console\\Kernel->bootstrap()
#6 Command line code(1): Illuminate\\Foundation\\Console\\Kernel->handle(Object(Symfony\\Component\\Console\\Input\\ArgvInput), Object(Symfony\\Component\\Console\\Output\\ConsoleOutput))
#7 {main}
"} 
